Arguments: 
  /usr/local/bin/node /Users/hyalamat/.yarn/bin/yarn.js

PATH: 
  /Users/hyalamat/.yarn/bin:/usr/local/bin:/usr/bin:/bin:/usr/sbin:/sbin:/opt/X11/bin:/Users/hyalamat/Applications/apache-maven-3.1.1/bin

Yarn version: 
  0.24.6

Node version: 
  6.9.4

Platform: 
  darwin x64

npm manifest: 
  {
    "name": "test",
    "version": "1.0.0",
    "description": "test",
    "main": "main.js",
    "scripts": {
      "start": "webpack-dev-server --hot"
    },
    "author": "",
    "license": "ISC",
    "dependencies": {
      "react": "^15.5.4",
      "react-dom": "^15.5.4",
      "webpack": "^2.5.1",
      "webpack-dev-server": "^2.4.5"
    },
    "devDependencies": {
      "css-loader": "^0.28.4"
    }
  }

yarn manifest: 
  No manifest

Lockfile: 
  No lockfile

Trace: 
  Error: EACCES: permission denied, rmdir '/Users/hyalamat/L&D/UI/ReactJs/node_modules/yarn/node_modules/.bin'
      at Error (native)
